<?xml version="1.0" encoding="UTF-8"?>
<!-- Generated by org.testng.reporters.JUnitReportReporter -->
<testsuite hostname="ACER-MUSTAFA" failures="0" tests="3" name="com.cybertek.tests.day13.DataTablesFOReachIter" time="16.917" errors="0" timestamp="2020-05-06T17:26:42 EET" skipped="0">
  <testcase classname="com.cybertek.tests.day13.DataTablesFOReachIter" name="test" time="0.579"/>
  <system-out/>
  <testcase classname="com.cybertek.tests.day13.DataTablesFOReachIter" name="cellByCell" time="2.186"/>
  <system-out/>
  <testcase classname="com.cybertek.tests.day13.DataTablesFOReachIter" name="OpenNewTab_SwitchWindow_Keys_Chord" time="14.152"/>
  <system-out/>
</testsuite> <!-- com.cybertek.tests.day13.DataTablesFOReachIter -->
